#
# There is insufficient memory for the Java Runtime Environment to continue.
# Cannot create GC thread. Out of system resources.
# Possible reasons:
#   The system is out of physical RAM or swap space
#   In 32 bit mode, the process size limit was hit
# Possible solutions:
#   Reduce memory load on the system
#   Increase physical memory or swap space
#   Check if swap backing store is full
#   Use 64 bit Java on a 64 bit OS
#   Decrease Java heap size (-Xmx/-Xms)
#   Decrease number of Java threads
#   Decrease Java thread stack sizes (-Xss)
#   Set larger code cache with -XX:ReservedCodeCacheSize=
# This output file may be truncated or incomplete.
#
#  Out of Memory Error (gcTaskThread.cpp:46), pid=31564, tid=139754850916096
#
# JRE version: 7.0_25-b15
# Java VM: Java HotSpot(TM) 64-Bit Server VM (23.25-b01 mixed mode linux-amd64 compressed oops)
# Failed to write core dump. Core dumps have been disabled. To enable core dumping, try "ulimit -c unlimited" before starting Java again
#

---------------  T H R E A D  ---------------

Current thread (0x0000000001fb7800):  JavaThread "Unknown thread" [_thread_in_vm, id=31564, stack(0x00007ffff6a73000,0x00007ffff6b73000)]

Stack: [0x00007ffff6a73000,0x00007ffff6b73000],  sp=0x00007ffff6b6cc50,  free space=999k
Native frames: (J=compiled Java code, j=interpreted, Vv=VM code, C=native code)
V  [libjvm.so+0x8a1d3a]  VMError::report_and_die()+0x2ea
V  [libjvm.so+0x4071fb]  report_vm_out_of_memory(char const*, int, unsigned long, char const*)+0x9b
V  [libjvm.so+0x4b3e2a]  GCTaskThread::GCTaskThread(GCTaskManager*, unsigned int, unsigned int)+0xfa
V  [libjvm.so+0x4b2896]  GCTaskManager::initialize()+0x266
V  [libjvm.so+0x75dc4f]  ParallelScavengeHeap::initialize()+0x6cf
V  [libjvm.so+0x87a078]  Universe::initialize_heap()+0xb8
V  [libjvm.so+0x87c7ed]  universe_init()+0x7d
V  [libjvm.so+0x500315]  init_globals()+0x65
V  [libjvm.so+0x863a62]  Threads::create_vm(JavaVMInitArgs*, bool*)+0x1e2
V  [libjvm.so+0x55ff34]  JNI_CreateJavaVM+0x74
C  [libjli.so+0x2f8e]  JavaMain+0x9e
C  [libjli.so+0xd4d3]  ContinueInNewThread0+0x63
C  [libjli.so+0x258a]  ContinueInNewThread+0x7a
C  [libjli.so+0x50cd]  JLI_Launch+0x47d
C  [java+0x6a6]  __libc_start_main@@GLIBC_2.2.5+0x6a6


---------------  P R O C E S S  ---------------

Java Threads: ( => current thread )

Other Threads:

=>0x0000000001fb7800 (exited) JavaThread "Unknown thread" [_thread_in_vm, id=31564, stack(0x00007ffff6a73000,0x00007ffff6b73000)]

VM state:not at safepoint (not fully initialized)

VM Mutex/Monitor currently owned by a thread: None

GC Heap History (0 events):
No events

Deoptimization events (0 events):
No events

Internal exceptions (0 events):
No events

Events (0 events):
No events


Dynamic libraries:
00400000-00401000 r-xp 00000000 08:07 20217                              /usr/opt/oracle-jdk-bin-1.7.0.25/bin/java
00600000-00601000 rw-p 00000000 08:07 20217                              /usr/opt/oracle-jdk-bin-1.7.0.25/bin/java
01fb0000-01fd1000 rw-p 00000000 00:00 0                                  [heap]
77ec00000-7800c0000 rw-p 00000000 00:00 0 
7800c0000-783e00000 rw-p 00000000 00:00 0 
783e00000-7890c0000 rw-p 00000000 00:00 0 
7890c0000-7d6a00000 rw-p 00000000 00:00 0 
7d6a00000-7d9350000 rw-p 00000000 00:00 0 
7d9350000-800000000 rw-p 00000000 00:00 0 
7f1b30643000-7f1b30865000 rw-p 00000000 00:00 0 
7f1b30865000-7f1b30ad1000 rw-p 00000000 00:00 0 
7f1b30ad1000-7f1b30adc000 rw-p 00000000 00:00 0 
7f1b30adc000-7f1b30afa000 rw-p 00000000 00:00 0 
7f1b30afa000-7f1b30b24000 rw-p 00000000 00:00 0 
7f1b30b24000-7f1b30d90000 rw-p 00000000 00:00 0 
7f1b30d90000-7f1b30da5000 rw-p 00000000 00:00 0 
7f1b30da5000-7f1b30edb000 rw-p 00000000 00:00 0 
7f1b30edb000-7f1b30ee6000 rw-p 00000000 00:00 0 
7f1b30ee6000-7f1b30f9c000 rw-p 00000000 00:00 0 
7f1b30f9c000-7f1b3120c000 rwxp 00000000 00:00 0 
7f1b3120c000-7f1b33f9c000 rw-p 00000000 00:00 0 
7f1b33f9c000-7f1b33fb7000 r-xp 00000000 08:07 19403                      /usr/opt/oracle-jdk-bin-1.7.0.25/jre/lib/amd64/libzip.so
7f1b33fb7000-7f1b341b6000 ---p 0001b000 08:07 19403                      /usr/opt/oracle-jdk-bin-1.7.0.25/jre/lib/amd64/libzip.so
7f1b341b6000-7f1b341b7000 rw-p 0001a000 08:07 19403                      /usr/opt/oracle-jdk-bin-1.7.0.25/jre/lib/amd64/libzip.so
7f1b341b7000-7f1b341e0000 r-xp 00000000 08:07 19392                      /usr/opt/oracle-jdk-bin-1.7.0.25/jre/lib/amd64/libjava.so
7f1b341e0000-7f1b343e0000 ---p 00029000 08:07 19392                      /usr/opt/oracle-jdk-bin-1.7.0.25/jre/lib/amd64/libjava.so
7f1b343e0000-7f1b343e2000 rw-p 00029000 08:07 19392                      /usr/opt/oracle-jdk-bin-1.7.0.25/jre/lib/amd64/libjava.so
7f1b343e2000-7f1b343ef000 r-xp 00000000 08:07 19400                      /usr/opt/oracle-jdk-bin-1.7.0.25/jre/lib/amd64/libverify.so
7f1b343ef000-7f1b345ee000 ---p 0000d000 08:07 19400                      /usr/opt/oracle-jdk-bin-1.7.0.25/jre/lib/amd64/libverify.so
7f1b345ee000-7f1b345f0000 rw-p 0000c000 08:07 19400                      /usr/opt/oracle-jdk-bin-1.7.0.25/jre/lib/amd64/libverify.so
7f1b345f0000-7f1b345f8000 r-xp 00000000 08:02 7221                       /lib64/librt-2.15.so
7f1b345f8000-7f1b347f7000 ---p 00008000 08:02 7221                       /lib64/librt-2.15.so
7f1b347f7000-7f1b347f8000 r--p 00007000 08:02 7221                       /lib64/librt-2.15.so
7f1b347f8000-7f1b347f9000 rw-p 00008000 08:02 7221                       /lib64/librt-2.15.so
7f1b347f9000-7f1b348ed000 r-xp 00000000 08:02 7246                       /lib64/libm-2.15.so
7f1b348ed000-7f1b34aec000 ---p 000f4000 08:02 7246                       /lib64/libm-2.15.so
7f1b34aec000-7f1b34aed000 r--p 000f3000 08:02 7246                       /lib64/libm-2.15.so
7f1b34aed000-7f1b34aee000 rw-p 000f4000 08:02 7246                       /lib64/libm-2.15.so
7f1b34aee000-7f1b3552f000 r-xp 00000000 08:07 19422                      /usr/opt/oracle-jdk-bin-1.7.0.25/jre/lib/amd64/server/libjvm.so
7f1b3552f000-7f1b3572f000 ---p 00a41000 08:07 19422                      /usr/opt/oracle-jdk-bin-1.7.0.25/jre/lib/amd64/server/libjvm.so
7f1b3572f000-7f1b357d2000 rw-p 00a41000 08:07 19422                      /usr/opt/oracle-jdk-bin-1.7.0.25/jre/lib/amd64/server/libjvm.so
7f1b357d2000-7f1b3580e000 rw-p 00000000 00:00 0 
7f1b3580e000-7f1b359ad000 r-xp 00000000 08:02 7233                       /lib64/libc-2.15.so
7f1b359ad000-7f1b35bac000 ---p 0019f000 08:02 7233                       /lib64/libc-2.15.so
7f1b35bac000-7f1b35bb0000 r--p 0019e000 08:02 7233                       /lib64/libc-2.15.so
7f1b35bb0000-7f1b35bb2000 rw-p 001a2000 08:02 7233                       /lib64/libc-2.15.so
7f1b35bb2000-7f1b35bb6000 rw-p 00000000 00:00 0 
7f1b35bb6000-7f1b35bb8000 r-xp 00000000 08:02 7258                       /lib64/libdl-2.15.so
7f1b35bb8000-7f1b35db8000 ---p 00002000 08:02 7258                       /lib64/libdl-2.15.so
7f1b35db8000-7f1b35db9000 r--p 00002000 08:02 7258                       /lib64/libdl-2.15.so
7f1b35db9000-7f1b35dba000 rw-p 00003000 08:02 7258                       /lib64/libdl-2.15.so
7f1b35dba000-7f1b35dd0000 r-xp 00000000 08:07 19398                      /usr/opt/oracle-jdk-bin-1.7.0.25/jre/lib/amd64/jli/libjli.so
7f1b35dd0000-7f1b35fd0000 ---p 00016000 08:07 19398                      /usr/opt/oracle-jdk-bin-1.7.0.25/jre/lib/amd64/jli/libjli.so
7f1b35fd0000-7f1b35fd1000 rw-p 00016000 08:07 19398                      /usr/opt/oracle-jdk-bin-1.7.0.25/jre/lib/amd64/jli/libjli.so
7f1b35fd1000-7f1b35fe9000 r-xp 00000000 08:02 7314                       /lib64/libpthread-2.15.so
7f1b35fe9000-7f1b361e8000 ---p 00018000 08:02 7314                       /lib64/libpthread-2.15.so
7f1b361e8000-7f1b361e9000 r--p 00017000 08:02 7314                       /lib64/libpthread-2.15.so
7f1b361e9000-7f1b361ea000 rw-p 00018000 08:02 7314                       /lib64/libpthread-2.15.so
7f1b361ea000-7f1b361ee000 rw-p 00000000 00:00 0 
7f1b361ee000-7f1b3620f000 r-xp 00000000 08:02 7254                       /lib64/ld-2.15.so
7f1b36289000-7f1b36294000 rw-p 00000000 00:00 0 
7f1b36294000-7f1b362b2000 rw-p 00000000 00:00 0 
7f1b362b2000-7f1b362e7000 r--s 00000000 08:05 50227                      /var/run/nscd/dbTVzerQ (deleted)
7f1b362e7000-7f1b362e8000 ---p 00000000 00:00 0 
7f1b362e8000-7f1b363ec000 rw-p 00000000 00:00 0 
7f1b36401000-7f1b36404000 rw-p 00000000 00:00 0 
7f1b36404000-7f1b3640c000 rw-s 00000000 00:0e 16197580                   /tmp/hsperfdata_wang2030/31564
7f1b3640c000-7f1b3640d000 rw-p 00000000 00:00 0 
7f1b3640d000-7f1b3640e000 r--p 00000000 00:00 0 
7f1b3640e000-7f1b3640f000 rw-p 00000000 00:00 0 
7f1b3640f000-7f1b36410000 r--p 00021000 08:02 7254                       /lib64/ld-2.15.so
7f1b36410000-7f1b36411000 rw-p 00022000 08:02 7254                       /lib64/ld-2.15.so
7f1b36411000-7f1b36412000 rw-p 00000000 00:00 0 
7ffff6a73000-7ffff6a76000 ---p 00000000 00:00 0 
7ffff6a77000-7ffff6b73000 rw-p 00000000 00:00 0                          [stack]
7ffff6bff000-7ffff6c00000 r-xp 00000000 00:00 0                          [vdso]
ffffffffff600000-ffffffffff601000 r-xp 00000000 00:00 0                  [vsyscall]

VM Arguments:
jvm_args: -Dfile.encoding=ANSI_X3.4-1968 
java_command: FSServer
Launcher Type: SUN_STANDARD

Environment Variables:
PATH=/usr/local/bin:/bin:/usr/bin:/sbin:/usr/sbin:/usr/x86_64-pc-linux-gnu/gcc-bin/4.6.3:/usr/games/bin
USERNAME=wang2030
LD_LIBRARY_PATH=/usr/lib
SHELL=/usr/local/bin/bash
DISPLAY=:0.0

Signal Handlers:
SIGSEGV: [libjvm.so+0x8a26a0], sa_mask[0]=0x7ffbfeff, sa_flags=0x10000004
SIGBUS: [libjvm.so+0x8a26a0], sa_mask[0]=0x7ffbfeff, sa_flags=0x10000004
SIGFPE: [libjvm.so+0x73f3d0], sa_mask[0]=0x7ffbfeff, sa_flags=0x10000004
SIGPIPE: [libjvm.so+0x73f3d0], sa_mask[0]=0x7ffbfeff, sa_flags=0x10000004
SIGXFSZ: [libjvm.so+0x73f3d0], sa_mask[0]=0x7ffbfeff, sa_flags=0x10000004
SIGILL: [libjvm.so+0x73f3d0], sa_mask[0]=0x7ffbfeff, sa_flags=0x10000004
SIGUSR1: SIG_DFL, sa_mask[0]=0x00000000, sa_flags=0x00000000
SIGUSR2: [libjvm.so+0x73ed20], sa_mask[0]=0x00000004, sa_flags=0x10000004
SIGHUP: SIG_DFL, sa_mask[0]=0x00000000, sa_flags=0x00000000
SIGINT: SIG_DFL, sa_mask[0]=0x00000000, sa_flags=0x00000000
SIGTERM: SIG_DFL, sa_mask[0]=0x00000000, sa_flags=0x00000000
SIGQUIT: SIG_DFL, sa_mask[0]=0x00000000, sa_flags=0x00000000


---------------  S Y S T E M  ---------------

OS:Gentoo Base System release 2.2

uname:Linux 3.10.7 #1 SMP Sat Aug 17 10:47:39 EDT 2013 x86_64
libc:glibc 2.15 NPTL 2.15 
rlimit: STACK 8192k, CORE 0k, NPROC 256, NOFILE 4096, AS infinity
load average:0.10 0.09 0.09

/proc/meminfo:
MemTotal:        8129820 kB
MemFree:         5463064 kB
Buffers:           87188 kB
Cached:          1054984 kB
SwapCached:            0 kB
Active:          1967276 kB
Inactive:         519972 kB
Active(anon):    1345920 kB
Inactive(anon):    14152 kB
Active(file):     621356 kB
Inactive(file):   505820 kB
Unevictable:           0 kB
Mlocked:               0 kB
SwapTotal:      16787920 kB
SwapFree:       16787920 kB
Dirty:                32 kB
Writeback:             0 kB
AnonPages:       1345020 kB
Mapped:           153100 kB
Shmem:             15004 kB
Slab:             125476 kB
SReclaimable:      96608 kB
SUnreclaim:        28868 kB
KernelStack:        3144 kB
PageTables:        23532 kB
NFS_Unstable:          0 kB
Bounce:                0 kB
WritebackTmp:          0 kB
CommitLimit:    20852828 kB
Committed_AS:    3479244 kB
VmallocTotal:   34359738367 kB
VmallocUsed:       88484 kB
VmallocChunk:   34359643376 kB
DirectMap4k:       13776 kB
DirectMap2M:     8331264 kB


CPU:total 8 (4 cores per cpu, 2 threads per core) family 6 model 42 stepping 7, cmov, cx8, fxsr, mmx, sse, sse2, sse3, ssse3, sse4.1, sse4.2, popcnt, avx, ht, tsc, tscinvbit

/proc/cpuinfo:
processor	: 0
vendor_id	: GenuineIntel
cpu family	: 6
model		: 42
model name	: Intel(R) Core(TM) i7-2600 CPU @ 3.40GHz
stepping	: 7
microcode	: 0x25
cpu MHz		: 3094.000
cache size	: 8192 KB
physical id	: 0
siblings	: 8
core id		: 0
cpu cores	: 4
apicid		: 0
initial apicid	: 0
fpu		: yes
fpu_exception	: yes
cpuid level	: 13
wp		: yes
flags		: fpu vme de pse tsc msr pae mce cx8 apic sep mtrr pge mca cmov pat pse36 clflush dts acpi mmx fxsr sse sse2 ss ht tm pbe syscall nx rdtscp lm constant_tsc arch_perfmon pebs bts rep_good nopl xtopology nonstop_tsc aperfmperf eagerfpu pni pclmulqdq dtes64 monitor ds_cpl vmx smx est tm2 ssse3 cx16 xtpr pdcm pcid sse4_1 sse4_2 x2apic popcnt tsc_deadline_timer aes xsave avx lahf_lm ida arat epb xsaveopt pln pts dtherm tpr_shadow vnmi flexpriority ept vpid
bogomips	: 6784.86
clflush size	: 64
cache_alignment	: 64
address sizes	: 36 bits physical, 48 bits virtual
power management:

processor	: 1
vendor_id	: GenuineIntel
cpu family	: 6
model		: 42
model name	: Intel(R) Core(TM) i7-2600 CPU @ 3.40GHz
stepping	: 7
microcode	: 0x25
cpu MHz		: 3536.000
cache size	: 8192 KB
physical id	: 0
siblings	: 8
core id		: 1
cpu cores	: 4
apicid		: 2
initial apicid	: 2
fpu		: yes
fpu_exception	: yes
cpuid level	: 13
wp		: yes
flags		: fpu vme de pse tsc msr pae mce cx8 apic sep mtrr pge mca cmov pat pse36 clflush dts acpi mmx fxsr sse sse2 ss ht tm pbe syscall nx rdtscp lm constant_tsc arch_perfmon pebs bts rep_good nopl xtopology nonstop_tsc aperfmperf eagerfpu pni pclmulqdq dtes64 monitor ds_cpl vmx smx est tm2 ssse3 cx16 xtpr pdcm pcid sse4_1 sse4_2 x2apic popcnt tsc_deadline_timer aes xsave avx lahf_lm ida arat epb xsaveopt pln pts dtherm tpr_shadow vnmi flexpriority ept vpid
bogomips	: 6784.86
clflush size	: 64
cache_alignment	: 64
address sizes	: 36 bits physical, 48 bits virtual
power management:

processor	: 2
vendor_id	: GenuineIntel
cpu family	: 6
model		: 42
model name	: Intel(R) Core(TM) i7-2600 CPU @ 3.40GHz
stepping	: 7
microcode	: 0x25
cpu MHz		: 3570.000
cache size	: 8192 KB
physical id	: 0
siblings	: 8
core id		: 2
cpu cores	: 4
apicid		: 4
initial apicid	: 4
fpu		: yes
fpu_exception	: yes
cpuid level	: 13
wp		: yes
flags		: fpu vme de pse tsc msr pae mce cx8 apic sep mtrr pge mca cmov pat pse36 clflush dts acpi mmx fxsr sse sse2 ss ht tm pbe syscall nx rdtscp lm constant_tsc arch_perfmon pebs bts rep_good nopl xtopology nonstop_tsc aperfmperf eagerfpu pni pclmulqdq dtes64 monitor ds_cpl vmx smx est tm2 ssse3 cx16 xtpr pdcm pcid sse4_1 sse4_2 x2apic popcnt tsc_deadline_timer aes xsave avx lahf_lm ida arat epb xsaveopt pln pts dtherm tpr_shadow vnmi flexpriority ept vpid
bogomips	: 6784.86
clflush size	: 64
cache_alignment	: 64
address sizes	: 36 bits physical, 48 bits virtual
power management:

processor	: 3
vendor_id	: GenuineIntel
cpu family	: 6
model		: 42
model name	: Intel(R) Core(TM) i7-2600 CPU @ 3.40GHz
stepping	: 7
microcode	: 0x25
cpu MHz		: 3502.000
cache size	: 8192 KB
physical id	: 0
siblings	: 8
core id		: 3
cpu cores	: 4
apicid		: 6
initial apicid	: 6
fpu		: yes
fpu_exception	: yes
cpuid level	: 13
wp		: yes
flags		: fpu vme de pse tsc msr pae mce cx8 apic sep mtrr pge mca cmov pat pse36 clflush dts acpi mmx fxsr sse sse2 ss ht tm pbe syscall nx rdtscp lm constant_tsc arch_perfmon pebs bts rep_good nopl xtopology nonstop_tsc aperfmperf eagerfpu pni pclmulqdq dtes64 monitor ds_cpl vmx smx est tm2 ssse3 cx16 xtpr pdcm pcid sse4_1 sse4_2 x2apic popcnt tsc_deadline_timer aes xsave avx lahf_lm ida arat epb xsaveopt pln pts dtherm tpr_shadow vnmi flexpriority ept vpid
bogomips	: 6784.86
clflush size	: 64
cache_alignment	: 64
address sizes	: 36 bits physical, 48 bits virtual
power management:

processor	: 4
vendor_id	: GenuineIntel
cpu family	: 6
model		: 42
model name	: Intel(R) Core(TM) i7-2600 CPU @ 3.40GHz
stepping	: 7
microcode	: 0x25
cpu MHz		: 3400.000
cache size	: 8192 KB
physical id	: 0
siblings	: 8
core id		: 0
cpu cores	: 4
apicid		: 1
initial apicid	: 1
fpu		: yes
fpu_exception	: yes
cpuid level	: 13
wp		: yes
flags		: fpu vme de pse tsc msr pae mce cx8 apic sep mtrr pge mca cmov pat pse36 clflush dts acpi mmx fxsr sse sse2 ss ht tm pbe syscall nx rdtscp lm constant_tsc arch_perfmon pebs bts rep_good nopl xtopology nonstop_tsc aperfmperf eagerfpu pni pclmulqdq dtes64 monitor ds_cpl vmx smx est tm2 ssse3 cx16 xtpr pdcm pcid sse4_1 sse4_2 x2apic popcnt tsc_deadline_timer aes xsave avx lahf_lm ida arat epb xsaveopt pln pts dtherm tpr_shadow vnmi flexpriority ept vpid
bogomips	: 6784.86
clflush size	: 64
cache_alignment	: 64
address sizes	: 36 bits physical, 48 bits virtual
power management:

processor	: 5
vendor_id	: GenuineIntel
cpu family	: 6
model		: 42
model name	: Intel(R) Core(TM) i7-2600 CPU @ 3.40GHz
stepping	: 7
microcode	: 0x25
cpu MHz		: 2822.000
cache size	: 8192 KB
physical id	: 0
siblings	: 8
core id		: 1
cpu cores	: 4
apicid		: 3
initial apicid	: 3
fpu		: yes
fpu_exception	: yes
cpuid level	: 13
wp		: yes
flags		: fpu vme de pse tsc msr pae mce cx8 apic sep mtrr pge mca cmov pat pse36 clflush dts acpi mmx fxsr sse sse2 ss ht tm pbe syscall nx rdtscp lm constant_tsc arch_perfmon pebs bts rep_good nopl xtopology nonstop_tsc aperfmperf eagerfpu pni pclmulqdq dtes64 monitor ds_cpl vmx smx est tm2 ssse3 cx16 xtpr pdcm pcid sse4_1 sse4_2 x2apic popcnt tsc_deadline_timer aes xsave avx lahf_lm ida arat epb xsaveopt pln pts dtherm tpr_shadow vnmi flexpriority ept vpid
bogomips	: 6784.86
clflush size	: 64
cache_alignment	: 64
address sizes	: 36 bits physical, 48 bits virtual
power management:

processor	: 6
vendor_id	: GenuineIntel
cpu family	: 6
model		: 42
model name	: Intel(R) Core(TM) i7-2600 CPU @ 3.40GHz
stepping	: 7
microcode	: 0x25
cpu MHz		: 3502.000
cache size	: 8192 KB
physical id	: 0
siblings	: 8
core id		: 2
cpu cores	: 4
apicid		: 5
initial apicid	: 5
fpu		: yes
fpu_exception	: yes
cpuid level	: 13
wp		: yes
flags		: fpu vme de pse tsc msr pae mce cx8 apic sep mtrr pge mca cmov pat pse36 clflush dts acpi mmx fxsr sse sse2 ss ht tm pbe syscall nx rdtscp lm constant_tsc arch_perfmon pebs bts rep_good nopl xtopology nonstop_tsc aperfmperf eagerfpu pni pclmulqdq dtes64 monitor ds_cpl vmx smx est tm2 ssse3 cx16 xtpr pdcm pcid sse4_1 sse4_2 x2apic popcnt tsc_deadline_timer aes xsave avx lahf_lm ida arat epb xsaveopt pln pts dtherm tpr_shadow vnmi flexpriority ept vpid
bogomips	: 6784.86
clflush size	: 64
cache_alignment	: 64
address sizes	: 36 bits physical, 48 bits virtual
power management:

processor	: 7
vendor_id	: GenuineIntel
cpu family	: 6
model		: 42
model name	: Intel(R) Core(TM) i7-2600 CPU @ 3.40GHz
stepping	: 7
microcode	: 0x25
cpu MHz		: 3400.000
cache size	: 8192 KB
physical id	: 0
siblings	: 8
core id		: 3
cpu cores	: 4
apicid		: 7
initial apicid	: 7
fpu		: yes
fpu_exception	: yes
cpuid level	: 13
wp		: yes
flags		: fpu vme de pse tsc msr pae mce cx8 apic sep mtrr pge mca cmov pat pse36 clflush dts acpi mmx fxsr sse sse2 ss ht tm pbe syscall nx rdtscp lm constant_tsc arch_perfmon pebs bts rep_good nopl xtopology nonstop_tsc aperfmperf eagerfpu pni pclmulqdq dtes64 monitor ds_cpl vmx smx est tm2 ssse3 cx16 xtpr pdcm pcid sse4_1 sse4_2 x2apic popcnt tsc_deadline_timer aes xsave avx lahf_lm ida arat epb xsaveopt pln pts dtherm tpr_shadow vnmi flexpriority ept vpid
bogomips	: 6784.86
clflush size	: 64
cache_alignment	: 64
address sizes	: 36 bits physical, 48 bits virtual
power management:



Memory: 4k page, physical 8129820k(5463064k free), swap 16787920k(16787920k free)

vm_info: Java HotSpot(TM) 64-Bit Server VM (23.25-b01) for linux-amd64 JRE (1.7.0_25-b15), built on Jun  5 2013 20:48:36 by "java_re" with gcc 4.3.0 20080428 (Red Hat 4.3.0-8)

time: Sun Nov 24 18:08:04 2013
elapsed time: 0 seconds

