#
# There is insufficient memory for the Java Runtime Environment to continue.
# Cannot create GC thread. Out of system resources.
# Possible reasons:
#   The system is out of physical RAM or swap space
#   In 32 bit mode, the process size limit was hit
# Possible solutions:
#   Reduce memory load on the system
#   Increase physical memory or swap space
#   Check if swap backing store is full
#   Use 64 bit Java on a 64 bit OS
#   Decrease Java heap size (-Xmx/-Xms)
#   Decrease number of Java threads
#   Decrease Java thread stack sizes (-Xss)
#   Set larger code cache with -XX:ReservedCodeCacheSize=
# This output file may be truncated or incomplete.
#
#  Out of Memory Error (gcTaskThread.cpp:46), pid=2025, tid=140568302077696
#
# JRE version: 7.0_25-b15
# Java VM: Java HotSpot(TM) 64-Bit Server VM (23.25-b01 mixed mode linux-amd64 compressed oops)
# Failed to write core dump. Core dumps have been disabled. To enable core dumping, try "ulimit -c unlimited" before starting Java again
#

---------------  T H R E A D  ---------------

Current thread (0x0000000002100800):  JavaThread "Unknown thread" [_thread_in_vm, id=2025, stack(0x00007fff692ba000,0x00007fff693ba000)]

Stack: [0x00007fff692ba000,0x00007fff693ba000],  sp=0x00007fff693b2d80,  free space=995k
Native frames: (J=compiled Java code, j=interpreted, Vv=VM code, C=native code)
V  [libjvm.so+0x8a1d3a]  VMError::report_and_die()+0x2ea
V  [libjvm.so+0x4071fb]  report_vm_out_of_memory(char const*, int, unsigned long, char const*)+0x9b
V  [libjvm.so+0x4b3e2a]  GCTaskThread::GCTaskThread(GCTaskManager*, unsigned int, unsigned int)+0xfa
V  [libjvm.so+0x4b2896]  GCTaskManager::initialize()+0x266
V  [libjvm.so+0x75dc4f]  ParallelScavengeHeap::initialize()+0x6cf
V  [libjvm.so+0x87a078]  Universe::initialize_heap()+0xb8
V  [libjvm.so+0x87c7ed]  universe_init()+0x7d
V  [libjvm.so+0x500315]  init_globals()+0x65
V  [libjvm.so+0x863a62]  Threads::create_vm(JavaVMInitArgs*, bool*)+0x1e2
V  [libjvm.so+0x55ff34]  JNI_CreateJavaVM+0x74
C  [libjli.so+0x2f8e]  JavaMain+0x9e
C  [libjli.so+0xd4d3]  ContinueInNewThread0+0x63
C  [libjli.so+0x258a]  ContinueInNewThread+0x7a
C  [libjli.so+0x50cd]  JLI_Launch+0x47d
C  [java+0x6a6]  __libc_start_main@@GLIBC_2.2.5+0x6a6


---------------  P R O C E S S  ---------------

Java Threads: ( => current thread )

Other Threads:

=>0x0000000002100800 (exited) JavaThread "Unknown thread" [_thread_in_vm, id=2025, stack(0x00007fff692ba000,0x00007fff693ba000)]

VM state:not at safepoint (not fully initialized)

VM Mutex/Monitor currently owned by a thread: None

GC Heap History (0 events):
No events

Deoptimization events (0 events):
No events

Internal exceptions (0 events):
No events

Events (0 events):
No events


Dynamic libraries:
00400000-00401000 r-xp 00000000 08:07 513361                             /usr/opt/oracle-jdk-bin-1.7.0.25/bin/java
00600000-00601000 rw-p 00000000 08:07 513361                             /usr/opt/oracle-jdk-bin-1.7.0.25/bin/java
020f9000-0211a000 rw-p 00000000 00:00 0                                  [heap]
77ec00000-7800c0000 rw-p 00000000 00:00 0 
7800c0000-783e00000 rw-p 00000000 00:00 0 
783e00000-7890c0000 rw-p 00000000 00:00 0 
7890c0000-7d6a00000 rw-p 00000000 00:00 0 
7d6a00000-7d9350000 rw-p 00000000 00:00 0 
7d9350000-800000000 rw-p 00000000 00:00 0 
7fd895dbe000-7fd895fe0000 rw-p 00000000 00:00 0 
7fd895fe0000-7fd89624c000 rw-p 00000000 00:00 0 
7fd89624c000-7fd896257000 rw-p 00000000 00:00 0 
7fd896257000-7fd896275000 rw-p 00000000 00:00 0 
7fd896275000-7fd89629f000 rw-p 00000000 00:00 0 
7fd89629f000-7fd89650b000 rw-p 00000000 00:00 0 
7fd89650b000-7fd896520000 rw-p 00000000 00:00 0 
7fd896520000-7fd896656000 rw-p 00000000 00:00 0 
7fd896656000-7fd896661000 rw-p 00000000 00:00 0 
7fd896661000-7fd896717000 rw-p 00000000 00:00 0 
7fd896717000-7fd896987000 rwxp 00000000 00:00 0 
7fd896987000-7fd899717000 rw-p 00000000 00:00 0 
7fd899717000-7fd899732000 r-xp 00000000 08:07 505582                     /usr/opt/oracle-jdk-bin-1.7.0.25/jre/lib/amd64/libzip.so
7fd899732000-7fd899931000 ---p 0001b000 08:07 505582                     /usr/opt/oracle-jdk-bin-1.7.0.25/jre/lib/amd64/libzip.so
7fd899931000-7fd899932000 rw-p 0001a000 08:07 505582                     /usr/opt/oracle-jdk-bin-1.7.0.25/jre/lib/amd64/libzip.so
7fd899932000-7fd89995b000 r-xp 00000000 08:07 505621                     /usr/opt/oracle-jdk-bin-1.7.0.25/jre/lib/amd64/libjava.so
7fd89995b000-7fd899b5b000 ---p 00029000 08:07 505621                     /usr/opt/oracle-jdk-bin-1.7.0.25/jre/lib/amd64/libjava.so
7fd899b5b000-7fd899b5d000 rw-p 00029000 08:07 505621                     /usr/opt/oracle-jdk-bin-1.7.0.25/jre/lib/amd64/libjava.so
7fd899b5d000-7fd899b6a000 r-xp 00000000 08:07 505566                     /usr/opt/oracle-jdk-bin-1.7.0.25/jre/lib/amd64/libverify.so
7fd899b6a000-7fd899d69000 ---p 0000d000 08:07 505566                     /usr/opt/oracle-jdk-bin-1.7.0.25/jre/lib/amd64/libverify.so
7fd899d69000-7fd899d6b000 rw-p 0000c000 08:07 505566                     /usr/opt/oracle-jdk-bin-1.7.0.25/jre/lib/amd64/libverify.so
7fd899d6b000-7fd899d73000 r-xp 00000000 08:02 2186                       /lib64/librt-2.15.so
7fd899d73000-7fd899f72000 ---p 00008000 08:02 2186                       /lib64/librt-2.15.so
7fd899f72000-7fd899f73000 r--p 00007000 08:02 2186                       /lib64/librt-2.15.so
7fd899f73000-7fd899f74000 rw-p 00008000 08:02 2186                       /lib64/librt-2.15.so
7fd899f74000-7fd89a068000 r-xp 00000000 08:02 2261                       /lib64/libm-2.15.so
7fd89a068000-7fd89a267000 ---p 000f4000 08:02 2261                       /lib64/libm-2.15.so
7fd89a267000-7fd89a268000 r--p 000f3000 08:02 2261                       /lib64/libm-2.15.so
7fd89a268000-7fd89a269000 rw-p 000f4000 08:02 2261                       /lib64/libm-2.15.so
7fd89a269000-7fd89acaa000 r-xp 00000000 08:07 505585                     /usr/opt/oracle-jdk-bin-1.7.0.25/jre/lib/amd64/server/libjvm.so
7fd89acaa000-7fd89aeaa000 ---p 00a41000 08:07 505585                     /usr/opt/oracle-jdk-bin-1.7.0.25/jre/lib/amd64/server/libjvm.so
7fd89aeaa000-7fd89af4d000 rw-p 00a41000 08:07 505585                     /usr/opt/oracle-jdk-bin-1.7.0.25/jre/lib/amd64/server/libjvm.so
7fd89af4d000-7fd89af89000 rw-p 00000000 00:00 0 
7fd89af89000-7fd89b128000 r-xp 00000000 08:02 2260                       /lib64/libc-2.15.so
7fd89b128000-7fd89b327000 ---p 0019f000 08:02 2260                       /lib64/libc-2.15.so
7fd89b327000-7fd89b32b000 r--p 0019e000 08:02 2260                       /lib64/libc-2.15.so
7fd89b32b000-7fd89b32d000 rw-p 001a2000 08:02 2260                       /lib64/libc-2.15.so
7fd89b32d000-7fd89b331000 rw-p 00000000 00:00 0 
7fd89b331000-7fd89b333000 r-xp 00000000 08:02 2189                       /lib64/libdl-2.15.so
7fd89b333000-7fd89b533000 ---p 00002000 08:02 2189                       /lib64/libdl-2.15.so
7fd89b533000-7fd89b534000 r--p 00002000 08:02 2189                       /lib64/libdl-2.15.so
7fd89b534000-7fd89b535000 rw-p 00003000 08:02 2189                       /lib64/libdl-2.15.so
7fd89b535000-7fd89b54b000 r-xp 00000000 08:07 505569                     /usr/opt/oracle-jdk-bin-1.7.0.25/jre/lib/amd64/jli/libjli.so
7fd89b54b000-7fd89b74b000 ---p 00016000 08:07 505569                     /usr/opt/oracle-jdk-bin-1.7.0.25/jre/lib/amd64/jli/libjli.so
7fd89b74b000-7fd89b74c000 rw-p 00016000 08:07 505569                     /usr/opt/oracle-jdk-bin-1.7.0.25/jre/lib/amd64/jli/libjli.so
7fd89b74c000-7fd89b764000 r-xp 00000000 08:02 2259                       /lib64/libpthread-2.15.so
7fd89b764000-7fd89b963000 ---p 00018000 08:02 2259                       /lib64/libpthread-2.15.so
7fd89b963000-7fd89b964000 r--p 00017000 08:02 2259                       /lib64/libpthread-2.15.so
7fd89b964000-7fd89b965000 rw-p 00018000 08:02 2259                       /lib64/libpthread-2.15.so
7fd89b965000-7fd89b969000 rw-p 00000000 00:00 0 
7fd89b969000-7fd89b98a000 r-xp 00000000 08:02 2263                       /lib64/ld-2.15.so
7fd89ba04000-7fd89ba0f000 rw-p 00000000 00:00 0 
7fd89ba0f000-7fd89ba2d000 rw-p 00000000 00:00 0 
7fd89ba2d000-7fd89ba62000 r--s 00000000 08:05 22104                      /var/run/nscd/dbNh33A7 (deleted)
7fd89ba62000-7fd89ba63000 ---p 00000000 00:00 0 
7fd89ba63000-7fd89bb67000 rw-p 00000000 00:00 0 
7fd89bb7c000-7fd89bb7f000 rw-p 00000000 00:00 0 
7fd89bb7f000-7fd89bb87000 rw-s 00000000 00:0e 33683621                   /tmp/hsperfdata_meyer88/2025
7fd89bb87000-7fd89bb88000 rw-p 00000000 00:00 0 
7fd89bb88000-7fd89bb89000 r--p 00000000 00:00 0 
7fd89bb89000-7fd89bb8a000 rw-p 00000000 00:00 0 
7fd89bb8a000-7fd89bb8b000 r--p 00021000 08:02 2263                       /lib64/ld-2.15.so
7fd89bb8b000-7fd89bb8c000 rw-p 00022000 08:02 2263                       /lib64/ld-2.15.so
7fd89bb8c000-7fd89bb8d000 rw-p 00000000 00:00 0 
7fff692ba000-7fff692bd000 ---p 00000000 00:00 0 
7fff692be000-7fff693ba000 rw-p 00000000 00:00 0                          [stack]
7fff693ff000-7fff69400000 r-xp 00000000 00:00 0                          [vdso]
ffffffffff600000-ffffffffff601000 r-xp 00000000 00:00 0                  [vsyscall]

VM Arguments:
jvm_args: -Dfile.encoding=ANSI_X3.4-1968 
java_command: FSServer
Launcher Type: SUN_STANDARD

Environment Variables:
PATH=/usr/local/bin:/bin:/usr/bin:/sbin:/usr/sbin:/usr/x86_64-pc-linux-gnu/gcc-bin/4.6.3:/usr/games/bin
USERNAME=meyer88
LD_LIBRARY_PATH=/usr/lib
SHELL=/usr/local/bin/bash
DISPLAY=:0.0

Signal Handlers:
SIGSEGV: [libjvm.so+0x8a26a0], sa_mask[0]=0x7ffbfeff, sa_flags=0x10000004
SIGBUS: [libjvm.so+0x8a26a0], sa_mask[0]=0x7ffbfeff, sa_flags=0x10000004
SIGFPE: [libjvm.so+0x73f3d0], sa_mask[0]=0x7ffbfeff, sa_flags=0x10000004
SIGPIPE: [libjvm.so+0x73f3d0], sa_mask[0]=0x7ffbfeff, sa_flags=0x10000004
SIGXFSZ: [libjvm.so+0x73f3d0], sa_mask[0]=0x7ffbfeff, sa_flags=0x10000004
SIGILL: [libjvm.so+0x73f3d0], sa_mask[0]=0x7ffbfeff, sa_flags=0x10000004
SIGUSR1: SIG_DFL, sa_mask[0]=0x00000000, sa_flags=0x00000000
SIGUSR2: [libjvm.so+0x73ed20], sa_mask[0]=0x00000004, sa_flags=0x10000004
SIGHUP: SIG_DFL, sa_mask[0]=0x00000000, sa_flags=0x00000000
SIGINT: SIG_DFL, sa_mask[0]=0x00000000, sa_flags=0x00000000
SIGTERM: SIG_DFL, sa_mask[0]=0x00000000, sa_flags=0x00000000
SIGQUIT: SIG_DFL, sa_mask[0]=0x00000000, sa_flags=0x00000000


---------------  S Y S T E M  ---------------

OS:Gentoo Base System release 2.2

uname:Linux 3.10.7 #1 SMP Sat Aug 17 10:47:39 EDT 2013 x86_64
libc:glibc 2.15 NPTL 2.15 
rlimit: STACK 8192k, CORE 0k, NPROC 256, NOFILE 4096, AS infinity
load average:0.20 0.26 0.21

/proc/meminfo:
MemTotal:        8129820 kB
MemFree:         5188396 kB
Buffers:           63996 kB
Cached:          1238256 kB
SwapCached:          220 kB
Active:          2061012 kB
Inactive:         691316 kB
Active(anon):    1438060 kB
Inactive(anon):    20700 kB
Active(file):     622952 kB
Inactive(file):   670616 kB
Unevictable:           4 kB
Mlocked:               4 kB
SwapTotal:      16787920 kB
SwapFree:       16787700 kB
Dirty:                36 kB
Writeback:             0 kB
AnonPages:       1450364 kB
Mapped:           140440 kB
Shmem:              8468 kB
Slab:             124108 kB
SReclaimable:      92540 kB
SUnreclaim:        31568 kB
KernelStack:        3152 kB
PageTables:        28880 kB
NFS_Unstable:          0 kB
Bounce:                0 kB
WritebackTmp:          0 kB
CommitLimit:    20852828 kB
Committed_AS:    3742584 kB
VmallocTotal:   34359738367 kB
VmallocUsed:       86436 kB
VmallocChunk:   34359646983 kB
DirectMap4k:       13776 kB
DirectMap2M:     8331264 kB


CPU:total 8 (4 cores per cpu, 2 threads per core) family 6 model 42 stepping 7, cmov, cx8, fxsr, mmx, sse, sse2, sse3, ssse3, sse4.1, sse4.2, popcnt, avx, ht, tsc, tscinvbit

/proc/cpuinfo:
processor	: 0
vendor_id	: GenuineIntel
cpu family	: 6
model		: 42
model name	: Intel(R) Core(TM) i7-2600 CPU @ 3.40GHz
stepping	: 7
microcode	: 0x25
cpu MHz		: 3468.000
cache size	: 8192 KB
physical id	: 0
siblings	: 8
core id		: 0
cpu cores	: 4
apicid		: 0
initial apicid	: 0
fpu		: yes
fpu_exception	: yes
cpuid level	: 13
wp		: yes
flags		: fpu vme de pse tsc msr pae mce cx8 apic sep mtrr pge mca cmov pat pse36 clflush dts acpi mmx fxsr sse sse2 ss ht tm pbe syscall nx rdtscp lm constant_tsc arch_perfmon pebs bts rep_good nopl xtopology nonstop_tsc aperfmperf eagerfpu pni pclmulqdq dtes64 monitor ds_cpl vmx smx est tm2 ssse3 cx16 xtpr pdcm pcid sse4_1 sse4_2 x2apic popcnt tsc_deadline_timer aes xsave avx lahf_lm ida arat epb xsaveopt pln pts dtherm tpr_shadow vnmi flexpriority ept vpid
bogomips	: 6784.46
clflush size	: 64
cache_alignment	: 64
address sizes	: 36 bits physical, 48 bits virtual
power management:

processor	: 1
vendor_id	: GenuineIntel
cpu family	: 6
model		: 42
model name	: Intel(R) Core(TM) i7-2600 CPU @ 3.40GHz
stepping	: 7
microcode	: 0x25
cpu MHz		: 3536.000
cache size	: 8192 KB
physical id	: 0
siblings	: 8
core id		: 1
cpu cores	: 4
apicid		: 2
initial apicid	: 2
fpu		: yes
fpu_exception	: yes
cpuid level	: 13
wp		: yes
flags		: fpu vme de pse tsc msr pae mce cx8 apic sep mtrr pge mca cmov pat pse36 clflush dts acpi mmx fxsr sse sse2 ss ht tm pbe syscall nx rdtscp lm constant_tsc arch_perfmon pebs bts rep_good nopl xtopology nonstop_tsc aperfmperf eagerfpu pni pclmulqdq dtes64 monitor ds_cpl vmx smx est tm2 ssse3 cx16 xtpr pdcm pcid sse4_1 sse4_2 x2apic popcnt tsc_deadline_timer aes xsave avx lahf_lm ida arat epb xsaveopt pln pts dtherm tpr_shadow vnmi flexpriority ept vpid
bogomips	: 6784.46
clflush size	: 64
cache_alignment	: 64
address sizes	: 36 bits physical, 48 bits virtual
power management:

processor	: 2
vendor_id	: GenuineIntel
cpu family	: 6
model		: 42
model name	: Intel(R) Core(TM) i7-2600 CPU @ 3.40GHz
stepping	: 7
microcode	: 0x25
cpu MHz		: 2924.000
cache size	: 8192 KB
physical id	: 0
siblings	: 8
core id		: 2
cpu cores	: 4
apicid		: 4
initial apicid	: 4
fpu		: yes
fpu_exception	: yes
cpuid level	: 13
wp		: yes
flags		: fpu vme de pse tsc msr pae mce cx8 apic sep mtrr pge mca cmov pat pse36 clflush dts acpi mmx fxsr sse sse2 ss ht tm pbe syscall nx rdtscp lm constant_tsc arch_perfmon pebs bts rep_good nopl xtopology nonstop_tsc aperfmperf eagerfpu pni pclmulqdq dtes64 monitor ds_cpl vmx smx est tm2 ssse3 cx16 xtpr pdcm pcid sse4_1 sse4_2 x2apic popcnt tsc_deadline_timer aes xsave avx lahf_lm ida arat epb xsaveopt pln pts dtherm tpr_shadow vnmi flexpriority ept vpid
bogomips	: 6784.46
clflush size	: 64
cache_alignment	: 64
address sizes	: 36 bits physical, 48 bits virtual
power management:

processor	: 3
vendor_id	: GenuineIntel
cpu family	: 6
model		: 42
model name	: Intel(R) Core(TM) i7-2600 CPU @ 3.40GHz
stepping	: 7
microcode	: 0x25
cpu MHz		: 3468.000
cache size	: 8192 KB
physical id	: 0
siblings	: 8
core id		: 3
cpu cores	: 4
apicid		: 6
initial apicid	: 6
fpu		: yes
fpu_exception	: yes
cpuid level	: 13
wp		: yes
flags		: fpu vme de pse tsc msr pae mce cx8 apic sep mtrr pge mca cmov pat pse36 clflush dts acpi mmx fxsr sse sse2 ss ht tm pbe syscall nx rdtscp lm constant_tsc arch_perfmon pebs bts rep_good nopl xtopology nonstop_tsc aperfmperf eagerfpu pni pclmulqdq dtes64 monitor ds_cpl vmx smx est tm2 ssse3 cx16 xtpr pdcm pcid sse4_1 sse4_2 x2apic popcnt tsc_deadline_timer aes xsave avx lahf_lm ida arat epb xsaveopt pln pts dtherm tpr_shadow vnmi flexpriority ept vpid
bogomips	: 6784.46
clflush size	: 64
cache_alignment	: 64
address sizes	: 36 bits physical, 48 bits virtual
power management:

processor	: 4
vendor_id	: GenuineIntel
cpu family	: 6
model		: 42
model name	: Intel(R) Core(TM) i7-2600 CPU @ 3.40GHz
stepping	: 7
microcode	: 0x25
cpu MHz		: 3536.000
cache size	: 8192 KB
physical id	: 0
siblings	: 8
core id		: 0
cpu cores	: 4
apicid		: 1
initial apicid	: 1
fpu		: yes
fpu_exception	: yes
cpuid level	: 13
wp		: yes
flags		: fpu vme de pse tsc msr pae mce cx8 apic sep mtrr pge mca cmov pat pse36 clflush dts acpi mmx fxsr sse sse2 ss ht tm pbe syscall nx rdtscp lm constant_tsc arch_perfmon pebs bts rep_good nopl xtopology nonstop_tsc aperfmperf eagerfpu pni pclmulqdq dtes64 monitor ds_cpl vmx smx est tm2 ssse3 cx16 xtpr pdcm pcid sse4_1 sse4_2 x2apic popcnt tsc_deadline_timer aes xsave avx lahf_lm ida arat epb xsaveopt pln pts dtherm tpr_shadow vnmi flexpriority ept vpid
bogomips	: 6784.46
clflush size	: 64
cache_alignment	: 64
address sizes	: 36 bits physical, 48 bits virtual
power management:

processor	: 5
vendor_id	: GenuineIntel
cpu family	: 6
model		: 42
model name	: Intel(R) Core(TM) i7-2600 CPU @ 3.40GHz
stepping	: 7
microcode	: 0x25
cpu MHz		: 3468.000
cache size	: 8192 KB
physical id	: 0
siblings	: 8
core id		: 1
cpu cores	: 4
apicid		: 3
initial apicid	: 3
fpu		: yes
fpu_exception	: yes
cpuid level	: 13
wp		: yes
flags		: fpu vme de pse tsc msr pae mce cx8 apic sep mtrr pge mca cmov pat pse36 clflush dts acpi mmx fxsr sse sse2 ss ht tm pbe syscall nx rdtscp lm constant_tsc arch_perfmon pebs bts rep_good nopl xtopology nonstop_tsc aperfmperf eagerfpu pni pclmulqdq dtes64 monitor ds_cpl vmx smx est tm2 ssse3 cx16 xtpr pdcm pcid sse4_1 sse4_2 x2apic popcnt tsc_deadline_timer aes xsave avx lahf_lm ida arat epb xsaveopt pln pts dtherm tpr_shadow vnmi flexpriority ept vpid
bogomips	: 6784.46
clflush size	: 64
cache_alignment	: 64
address sizes	: 36 bits physical, 48 bits virtual
power management:

processor	: 6
vendor_id	: GenuineIntel
cpu family	: 6
model		: 42
model name	: Intel(R) Core(TM) i7-2600 CPU @ 3.40GHz
stepping	: 7
microcode	: 0x25
cpu MHz		: 3536.000
cache size	: 8192 KB
physical id	: 0
siblings	: 8
core id		: 2
cpu cores	: 4
apicid		: 5
initial apicid	: 5
fpu		: yes
fpu_exception	: yes
cpuid level	: 13
wp		: yes
flags		: fpu vme de pse tsc msr pae mce cx8 apic sep mtrr pge mca cmov pat pse36 clflush dts acpi mmx fxsr sse sse2 ss ht tm pbe syscall nx rdtscp lm constant_tsc arch_perfmon pebs bts rep_good nopl xtopology nonstop_tsc aperfmperf eagerfpu pni pclmulqdq dtes64 monitor ds_cpl vmx smx est tm2 ssse3 cx16 xtpr pdcm pcid sse4_1 sse4_2 x2apic popcnt tsc_deadline_timer aes xsave avx lahf_lm ida arat epb xsaveopt pln pts dtherm tpr_shadow vnmi flexpriority ept vpid
bogomips	: 6784.46
clflush size	: 64
cache_alignment	: 64
address sizes	: 36 bits physical, 48 bits virtual
power management:

processor	: 7
vendor_id	: GenuineIntel
cpu family	: 6
model		: 42
model name	: Intel(R) Core(TM) i7-2600 CPU @ 3.40GHz
stepping	: 7
microcode	: 0x25
cpu MHz		: 3434.000
cache size	: 8192 KB
physical id	: 0
siblings	: 8
core id		: 3
cpu cores	: 4
apicid		: 7
initial apicid	: 7
fpu		: yes
fpu_exception	: yes
cpuid level	: 13
wp		: yes
flags		: fpu vme de pse tsc msr pae mce cx8 apic sep mtrr pge mca cmov pat pse36 clflush dts acpi mmx fxsr sse sse2 ss ht tm pbe syscall nx rdtscp lm constant_tsc arch_perfmon pebs bts rep_good nopl xtopology nonstop_tsc aperfmperf eagerfpu pni pclmulqdq dtes64 monitor ds_cpl vmx smx est tm2 ssse3 cx16 xtpr pdcm pcid sse4_1 sse4_2 x2apic popcnt tsc_deadline_timer aes xsave avx lahf_lm ida arat epb xsaveopt pln pts dtherm tpr_shadow vnmi flexpriority ept vpid
bogomips	: 6784.46
clflush size	: 64
cache_alignment	: 64
address sizes	: 36 bits physical, 48 bits virtual
power management:



Memory: 4k page, physical 8129820k(5188396k free), swap 16787920k(16787700k free)

vm_info: Java HotSpot(TM) 64-Bit Server VM (23.25-b01) for linux-amd64 JRE (1.7.0_25-b15), built on Jun  5 2013 20:48:36 by "java_re" with gcc 4.3.0 20080428 (Red Hat 4.3.0-8)

time: Sun Dec  1 23:42:24 2013
elapsed time: 0 seconds

